13:56:11,061 ERROR main ast.ErrorCounter:78 - line 1:8: unexpected token: *
13:56:11,061 ERROR main ast.ErrorCounter:73 - line 1:8: unexpected token: *
line 1:8: unexpected token: *
	at org.hibernate.hql.internal.antlr.HqlBaseParser.selectClause(HqlBaseParser.java:1279)
	at org.hibernate.hql.internal.antlr.HqlBaseParser.selectFrom(HqlBaseParser.java:1053)
	at org.hibernate.hql.internal.antlr.HqlBaseParser.queryRule(HqlBaseParser.java:723)
	at org.hibernate.hql.internal.antlr.HqlBaseParser.selectStatement(HqlBaseParser.java:316)
	at org.hibernate.hql.internal.antlr.HqlBaseParser.statement(HqlBaseParser.java:179)
	at org.hibernate.hql.internal.ast.QueryTranslatorImpl.parse(QueryTranslatorImpl.java:295)
	at org.hibernate.hql.internal.ast.QueryTranslatorImpl.doCompile(QueryTranslatorImpl.java:203)
	at org.hibernate.hql.internal.ast.QueryTranslatorImpl.compile(QueryTranslatorImpl.java:158)
	at org.hibernate.engine.query.spi.HQLQueryPlan.<init>(HQLQueryPlan.java:126)
	at org.hibernate.engine.query.spi.HQLQueryPlan.<init>(HQLQueryPlan.java:88)
	at org.hibernate.engine.query.spi.QueryPlanCache.getHQLQueryPlan(QueryPlanCache.java:190)
	at org.hibernate.internal.AbstractSessionImpl.getHQLQueryPlan(AbstractSessionImpl.java:301)
	at org.hibernate.internal.AbstractSessionImpl.createQuery(AbstractSessionImpl.java:236)
	at org.hibernate.internal.SessionImpl.createQuery(SessionImpl.java:1800)
	at org.hibernate.jpa.spi.AbstractEntityManagerImpl.createQuery(AbstractEntityManagerImpl.java:342)
	at sun.reflect.NativeMethodAccessorImpl.invoke0(Native Method)
	at sun.reflect.NativeMethodAccessorImpl.invoke(Unknown Source)
	at sun.reflect.DelegatingMethodAccessorImpl.invoke(Unknown Source)
	at java.lang.reflect.Method.invoke(Unknown Source)
	at org.springframework.orm.jpa.ExtendedEntityManagerCreator$ExtendedEntityManagerInvocationHandler.invoke(ExtendedEntityManagerCreator.java:342)
	at com.sun.proxy.$Proxy30.createQuery(Unknown Source)
	at sun.reflect.NativeMethodAccessorImpl.invoke0(Native Method)
	at sun.reflect.NativeMethodAccessorImpl.invoke(Unknown Source)
	at sun.reflect.DelegatingMethodAccessorImpl.invoke(Unknown Source)
	at java.lang.reflect.Method.invoke(Unknown Source)
	at org.springframework.orm.jpa.SharedEntityManagerCreator$SharedEntityManagerInvocationHandler.invoke(SharedEntityManagerCreator.java:262)
	at com.sun.proxy.$Proxy28.createQuery(Unknown Source)
	at com.ninja_squad.geektic.dao.GeekDaoImpl.findAllGeek(GeekDaoImpl.java:19)
	at com.ninja_squad.geektic.dao.GeekDaoImplTest.testFindAllGeek(GeekDaoImplTest.java:45)
	at sun.reflect.NativeMethodAccessorImpl.invoke0(Native Method)
	at sun.reflect.NativeMethodAccessorImpl.invoke(Unknown Source)
	at sun.reflect.DelegatingMethodAccessorImpl.invoke(Unknown Source)
	at java.lang.reflect.Method.invoke(Unknown Source)
	at org.junit.runners.model.FrameworkMethod$1.runReflectiveCall(FrameworkMethod.java:50)
	at org.junit.internal.runners.model.ReflectiveCallable.run(ReflectiveCallable.java:12)
	at org.junit.runners.model.FrameworkMethod.invokeExplosively(FrameworkMethod.java:47)
	at org.junit.internal.runners.statements.InvokeMethod.evaluate(InvokeMethod.java:17)
	at org.junit.internal.runners.statements.RunBefores.evaluate(RunBefores.java:26)
	at org.springframework.test.context.junit4.statements.RunBeforeTestMethodCallbacks.evaluate(RunBeforeTestMethodCallbacks.java:74)
	at org.springframework.test.context.junit4.statements.RunAfterTestMethodCallbacks.evaluate(RunAfterTestMethodCallbacks.java:83)
	at org.springframework.test.context.junit4.statements.SpringRepeat.evaluate(SpringRepeat.java:72)
	at org.springframework.test.context.junit4.SpringJUnit4ClassRunner.runChild(SpringJUnit4ClassRunner.java:233)
	at org.springframework.test.context.junit4.SpringJUnit4ClassRunner.runChild(SpringJUnit4ClassRunner.java:87)
	at org.junit.runners.ParentRunner$3.run(ParentRunner.java:290)
	at org.junit.runners.ParentRunner$1.schedule(ParentRunner.java:71)
	at org.junit.runners.ParentRunner.runChildren(ParentRunner.java:288)
	at org.junit.runners.ParentRunner.access$000(ParentRunner.java:58)
	at org.junit.runners.ParentRunner$2.evaluate(ParentRunner.java:268)
	at org.springframework.test.context.junit4.statements.RunBeforeTestClassCallbacks.evaluate(RunBeforeTestClassCallbacks.java:61)
	at org.springframework.test.context.junit4.statements.RunAfterTestClassCallbacks.evaluate(RunAfterTestClassCallbacks.java:71)
	at org.junit.runners.ParentRunner.run(ParentRunner.java:363)
	at org.springframework.test.context.junit4.SpringJUnit4ClassRunner.run(SpringJUnit4ClassRunner.java:176)
	at org.eclipse.jdt.internal.junit4.runner.JUnit4TestReference.run(JUnit4TestReference.java:50)
	at org.eclipse.jdt.internal.junit.runner.TestExecution.run(TestExecution.java:38)
	at org.eclipse.jdt.internal.junit.runner.RemoteTestRunner.runTests(RemoteTestRunner.java:459)
	at org.eclipse.jdt.internal.junit.runner.RemoteTestRunner.runTests(RemoteTestRunner.java:675)
	at org.eclipse.jdt.internal.junit.runner.RemoteTestRunner.run(RemoteTestRunner.java:382)
	at org.eclipse.jdt.internal.junit.runner.RemoteTestRunner.main(RemoteTestRunner.java:192)
13:57:38,110 DEBUG main hibernate.SQL:109 - select geek0_.ID as ID1_0_, geek0_.EMAIL as EMAIL2_0_, geek0_.NOM as NOM3_0_, geek0_.PRENOM as PRENOM4_0_, geek0_.SEXE as SEXE5_0_ from GEEK geek0_
13:59:03,285 DEBUG main hibernate.SQL:109 - select geek0_.ID as ID1_0_, geek0_.EMAIL as EMAIL2_0_, geek0_.NOM as NOM3_0_, geek0_.PRENOM as PRENOM4_0_, geek0_.SEXE as SEXE5_0_ from GEEK geek0_
16:27:05,872 DEBUG main hibernate.SQL:109 - select geek0_.ID as ID1_0_, geek0_.EMAIL as EMAIL2_0_, geek0_.NOM as NOM3_0_, geek0_.PRENOM as PRENOM4_0_, geek0_.SEXE as SEXE5_0_ from GEEK geek0_
16:32:32,464 DEBUG main hibernate.SQL:109 - select geek0_.ID as ID1_0_0_, geek0_.EMAIL as EMAIL2_0_0_, geek0_.NOM as NOM3_0_0_, geek0_.PRENOM as PRENOM4_0_0_, geek0_.SEXE as SEXE5_0_0_ from GEEK geek0_ where geek0_.ID=?
16:32:33,585 DEBUG main hibernate.SQL:109 - select geek0_.ID as ID1_0_, geek0_.EMAIL as EMAIL2_0_, geek0_.NOM as NOM3_0_, geek0_.PRENOM as PRENOM4_0_, geek0_.SEXE as SEXE5_0_ from GEEK geek0_
08:21:25,044 DEBUG main hibernate.SQL:109 - select geek0_.ID as ID1_2_0_, geek0_.EMAIL as EMAIL2_2_0_, geek0_.NOM as NOM3_2_0_, geek0_.PRENOM as PRENOM4_2_0_, geek0_.SEXE as SEXE5_2_0_ from GEEK geek0_ where geek0_.ID=?
08:21:25,812 DEBUG main hibernate.SQL:109 - select geek0_.ID as ID1_2_, geek0_.EMAIL as EMAIL2_2_, geek0_.NOM as NOM3_2_, geek0_.PRENOM as PRENOM4_2_, geek0_.SEXE as SEXE5_2_ from GEEK geek0_
08:21:38,953 DEBUG main hibernate.SQL:109 - select interet0_.ID as ID1_1_, interet0_.LIBELLE as LIBELLE2_1_ from CENTRE_INTERET interet0_
08:53:30,887 DEBUG main hibernate.SQL:109 - select geek0_.ID as ID1_2_0_, geek0_.EMAIL as EMAIL2_2_0_, geek0_.NOM as NOM3_2_0_, geek0_.PRENOM as PRENOM4_2_0_, geek0_.SEXE as SEXE5_2_0_ from GEEK geek0_ where geek0_.ID=?
08:53:31,546 DEBUG main hibernate.SQL:109 - select geek0_.ID as ID1_2_, geek0_.EMAIL as EMAIL2_2_, geek0_.NOM as NOM3_2_, geek0_.PRENOM as PRENOM4_2_, geek0_.SEXE as SEXE5_2_ from GEEK geek0_
12:15:58,343 DEBUG main hibernate.SQL:109 - select geek0_.ID as ID1_2_, geek0_.EMAIL as EMAIL2_2_, geek0_.NOM as NOM3_2_, geek0_.PRENOM as PRENOM4_2_, geek0_.SEXE as SEXE5_2_ from GEEK geek0_ inner join GEEK_CENTRE_INTERET listofinte1_ on geek0_.ID=listofinte1_.ID_GEEK inner join CENTRE_INTERET interet2_ on listofinte1_.ID_INTERET=interet2_.ID where geek0_.SEXE=? and interet2_.ID=? order by geek0_.NOM
12:18:36,926 DEBUG main hibernate.SQL:109 - select geek0_.ID as ID1_2_, geek0_.EMAIL as EMAIL2_2_, geek0_.NOM as NOM3_2_, geek0_.PRENOM as PRENOM4_2_, geek0_.SEXE as SEXE5_2_ from GEEK geek0_ inner join GEEK_CENTRE_INTERET listofinte1_ on geek0_.ID=listofinte1_.ID_GEEK inner join CENTRE_INTERET interet2_ on listofinte1_.ID_INTERET=interet2_.ID where geek0_.SEXE=? and interet2_.ID=?
12:21:58,459 DEBUG main hibernate.SQL:109 - select geek0_.ID as ID1_2_0_, geek0_.EMAIL as EMAIL2_2_0_, geek0_.NOM as NOM3_2_0_, geek0_.PRENOM as PRENOM4_2_0_, geek0_.SEXE as SEXE5_2_0_ from GEEK geek0_ where geek0_.ID=?
12:21:59,348 DEBUG main hibernate.SQL:109 - select geek0_.ID as ID1_2_, geek0_.EMAIL as EMAIL2_2_, geek0_.NOM as NOM3_2_, geek0_.PRENOM as PRENOM4_2_, geek0_.SEXE as SEXE5_2_ from GEEK geek0_
12:21:59,676 DEBUG main hibernate.SQL:109 - select geek0_.ID as ID1_2_, geek0_.EMAIL as EMAIL2_2_, geek0_.NOM as NOM3_2_, geek0_.PRENOM as PRENOM4_2_, geek0_.SEXE as SEXE5_2_ from GEEK geek0_ inner join GEEK_CENTRE_INTERET listofinte1_ on geek0_.ID=listofinte1_.ID_GEEK inner join CENTRE_INTERET interet2_ on listofinte1_.ID_INTERET=interet2_.ID where geek0_.SEXE=? and interet2_.ID=?
12:23:36,600 DEBUG main hibernate.SQL:109 - select geek0_.ID as ID1_2_0_, geek0_.EMAIL as EMAIL2_2_0_, geek0_.NOM as NOM3_2_0_, geek0_.PRENOM as PRENOM4_2_0_, geek0_.SEXE as SEXE5_2_0_ from GEEK geek0_ where geek0_.ID=?
12:23:37,501 DEBUG main hibernate.SQL:109 - select geek0_.ID as ID1_2_, geek0_.EMAIL as EMAIL2_2_, geek0_.NOM as NOM3_2_, geek0_.PRENOM as PRENOM4_2_, geek0_.SEXE as SEXE5_2_ from GEEK geek0_
12:23:37,829 DEBUG main hibernate.SQL:109 - select geek0_.ID as ID1_2_, geek0_.EMAIL as EMAIL2_2_, geek0_.NOM as NOM3_2_, geek0_.PRENOM as PRENOM4_2_, geek0_.SEXE as SEXE5_2_ from GEEK geek0_ inner join GEEK_CENTRE_INTERET listofinte1_ on geek0_.ID=listofinte1_.ID_GEEK inner join CENTRE_INTERET interet2_ on listofinte1_.ID_INTERET=interet2_.ID where geek0_.SEXE=? and interet2_.ID=?
12:27:26,756 DEBUG main hibernate.SQL:109 - select geek0_.ID as ID1_2_0_, geek0_.EMAIL as EMAIL2_2_0_, geek0_.NOM as NOM3_2_0_, geek0_.PRENOM as PRENOM4_2_0_, geek0_.SEXE as SEXE5_2_0_ from GEEK geek0_ where geek0_.ID=?
12:27:27,664 DEBUG main hibernate.SQL:109 - select geek0_.ID as ID1_2_, geek0_.EMAIL as EMAIL2_2_, geek0_.NOM as NOM3_2_, geek0_.PRENOM as PRENOM4_2_, geek0_.SEXE as SEXE5_2_ from GEEK geek0_
12:27:27,962 DEBUG main hibernate.SQL:109 - select geek0_.ID as ID1_2_, geek0_.EMAIL as EMAIL2_2_, geek0_.NOM as NOM3_2_, geek0_.PRENOM as PRENOM4_2_, geek0_.SEXE as SEXE5_2_ from GEEK geek0_ inner join GEEK_CENTRE_INTERET listofinte1_ on geek0_.ID=listofinte1_.ID_GEEK inner join CENTRE_INTERET interet2_ on listofinte1_.ID_INTERET=interet2_.ID where geek0_.SEXE=? and interet2_.ID=?
12:28:04,098 DEBUG main hibernate.SQL:109 - select geek0_.ID as ID1_2_0_, geek0_.EMAIL as EMAIL2_2_0_, geek0_.NOM as NOM3_2_0_, geek0_.PRENOM as PRENOM4_2_0_, geek0_.SEXE as SEXE5_2_0_ from GEEK geek0_ where geek0_.ID=?
12:28:05,073 DEBUG main hibernate.SQL:109 - select geek0_.ID as ID1_2_, geek0_.EMAIL as EMAIL2_2_, geek0_.NOM as NOM3_2_, geek0_.PRENOM as PRENOM4_2_, geek0_.SEXE as SEXE5_2_ from GEEK geek0_
12:28:05,495 DEBUG main hibernate.SQL:109 - select geek0_.ID as ID1_2_, geek0_.EMAIL as EMAIL2_2_, geek0_.NOM as NOM3_2_, geek0_.PRENOM as PRENOM4_2_, geek0_.SEXE as SEXE5_2_ from GEEK geek0_ inner join GEEK_CENTRE_INTERET listofinte1_ on geek0_.ID=listofinte1_.ID_GEEK inner join CENTRE_INTERET interet2_ on listofinte1_.ID_INTERET=interet2_.ID where geek0_.SEXE=? and interet2_.ID=?
12:28:36,433 DEBUG main hibernate.SQL:109 - select geek0_.ID as ID1_2_0_, geek0_.EMAIL as EMAIL2_2_0_, geek0_.NOM as NOM3_2_0_, geek0_.PRENOM as PRENOM4_2_0_, geek0_.SEXE as SEXE5_2_0_ from GEEK geek0_ where geek0_.ID=?
12:28:37,488 DEBUG main hibernate.SQL:109 - select geek0_.ID as ID1_2_, geek0_.EMAIL as EMAIL2_2_, geek0_.NOM as NOM3_2_, geek0_.PRENOM as PRENOM4_2_, geek0_.SEXE as SEXE5_2_ from GEEK geek0_
12:28:37,818 DEBUG main hibernate.SQL:109 - select geek0_.ID as ID1_2_, geek0_.EMAIL as EMAIL2_2_, geek0_.NOM as NOM3_2_, geek0_.PRENOM as PRENOM4_2_, geek0_.SEXE as SEXE5_2_ from GEEK geek0_ inner join GEEK_CENTRE_INTERET listofinte1_ on geek0_.ID=listofinte1_.ID_GEEK inner join CENTRE_INTERET interet2_ on listofinte1_.ID_INTERET=interet2_.ID where geek0_.SEXE=? and interet2_.ID=?
